-------------------------------------------------------------------------------
Test set: com.acme.QuarkusGraphQLServiceTest
-------------------------------------------------------------------------------
Tests run: 1, Failures: 0, Errors: 1, Skipped: 0, Time elapsed: 1.616 s <<< FAILURE! - in com.acme.QuarkusGraphQLServiceTest
testHelloEndpoint  Time elapsed: 0.009 s  <<< ERROR!
java.lang.RuntimeException: 
java.lang.RuntimeException: io.quarkus.builder.BuildException: Build failure: Build failed due to errors
	[error]: Build step io.quarkus.arc.deployment.ArcProcessor#validate threw an exception: javax.enterprise.inject.spi.DeploymentException: Found 2 deployment problems: 
[1] Unsatisfied dependency for type javax.persistence.EntityManager and qualifiers [@Default]
	- java member: com.acme.JednostkaService#em
	- declared on CLASS bean [types=[com.acme.JednostkaService, java.lang.Object], qualifiers=[@Default, @Any], target=com.acme.JednostkaService]
[2] Unsatisfied dependency for type javax.persistence.EntityManager and qualifiers [@Default]
	- java member: com.acme.GeoHierarchyService#em
	- declared on CLASS bean [types=[java.lang.Object, com.acme.GeoHierarchyService], qualifiers=[@Default, @Any], target=com.acme.GeoHierarchyService]
	at io.quarkus.arc.processor.BeanDeployment.processErrors(BeanDeployment.java:1029)
	at io.quarkus.arc.processor.BeanDeployment.init(BeanDeployment.java:241)
	at io.quarkus.arc.processor.BeanProcessor.initialize(BeanProcessor.java:127)
	at io.quarkus.arc.deployment.ArcProcessor.validate(ArcProcessor.java:411)
	at java.base/jdk.internal.reflect.NativeMethodAccessorImpl.invoke0(Native Method)
	at java.base/jdk.internal.reflect.NativeMethodAccessorImpl.invoke(NativeMethodAccessorImpl.java:62)
	at java.base/jdk.internal.reflect.DelegatingMethodAccessorImpl.invoke(DelegatingMethodAccessorImpl.java:43)
	at java.base/java.lang.reflect.Method.invoke(Method.java:566)
	at io.quarkus.deployment.ExtensionLoader$2.execute(ExtensionLoader.java:972)
	at io.quarkus.builder.BuildContext.run(BuildContext.java:277)
	at org.jboss.threads.ContextClassLoaderSavingRunnable.run(ContextClassLoaderSavingRunnable.java:35)
	at org.jboss.threads.EnhancedQueueExecutor.safeRun(EnhancedQueueExecutor.java:2046)
	at org.jboss.threads.EnhancedQueueExecutor$ThreadBody.doRunTask(EnhancedQueueExecutor.java:1578)
	at org.jboss.threads.EnhancedQueueExecutor$ThreadBody.run(EnhancedQueueExecutor.java:1452)
	at java.base/java.lang.Thread.run(Thread.java:834)
	at org.jboss.threads.JBossThread.run(JBossThread.java:479)
	Suppressed: javax.enterprise.inject.UnsatisfiedResolutionException: Unsatisfied dependency for type javax.persistence.EntityManager and qualifiers [@Default]
	- java member: com.acme.JednostkaService#em
	- declared on CLASS bean [types=[com.acme.JednostkaService, java.lang.Object], qualifiers=[@Default, @Any], target=com.acme.JednostkaService]
		at io.quarkus.arc.processor.Beans.resolveInjectionPoint(Beans.java:504)
		at io.quarkus.arc.processor.BeanInfo.init(BeanInfo.java:363)
		at io.quarkus.arc.processor.BeanDeployment.init(BeanDeployment.java:233)
		... 14 more
	Suppressed: javax.enterprise.inject.UnsatisfiedResolutionException: Unsatisfied dependency for type javax.persistence.EntityManager and qualifiers [@Default]
	- java member: com.acme.GeoHierarchyService#em
	- declared on CLASS bean [types=[java.lang.Object, com.acme.GeoHierarchyService], qualifiers=[@Default, @Any], target=com.acme.GeoHierarchyService]
		at io.quarkus.arc.processor.Beans.resolveInjectionPoint(Beans.java:504)
		at io.quarkus.arc.processor.BeanInfo.init(BeanInfo.java:363)
		at io.quarkus.arc.processor.BeanDeployment.init(BeanDeployment.java:233)
		... 14 more

Caused by: java.lang.RuntimeException: 
io.quarkus.builder.BuildException: Build failure: Build failed due to errors
	[error]: Build step io.quarkus.arc.deployment.ArcProcessor#validate threw an exception: javax.enterprise.inject.spi.DeploymentException: Found 2 deployment problems: 
[1] Unsatisfied dependency for type javax.persistence.EntityManager and qualifiers [@Default]
	- java member: com.acme.JednostkaService#em
	- declared on CLASS bean [types=[com.acme.JednostkaService, java.lang.Object], qualifiers=[@Default, @Any], target=com.acme.JednostkaService]
[2] Unsatisfied dependency for type javax.persistence.EntityManager and qualifiers [@Default]
	- java member: com.acme.GeoHierarchyService#em
	- declared on CLASS bean [types=[java.lang.Object, com.acme.GeoHierarchyService], qualifiers=[@Default, @Any], target=com.acme.GeoHierarchyService]
	at io.quarkus.arc.processor.BeanDeployment.processErrors(BeanDeployment.java:1029)
	at io.quarkus.arc.processor.BeanDeployment.init(BeanDeployment.java:241)
	at io.quarkus.arc.processor.BeanProcessor.initialize(BeanProcessor.java:127)
	at io.quarkus.arc.deployment.ArcProcessor.validate(ArcProcessor.java:411)
	at java.base/jdk.internal.reflect.NativeMethodAccessorImpl.invoke0(Native Method)
	at java.base/jdk.internal.reflect.NativeMethodAccessorImpl.invoke(NativeMethodAccessorImpl.java:62)
	at java.base/jdk.internal.reflect.DelegatingMethodAccessorImpl.invoke(DelegatingMethodAccessorImpl.java:43)
	at java.base/java.lang.reflect.Method.invoke(Method.java:566)
	at io.quarkus.deployment.ExtensionLoader$2.execute(ExtensionLoader.java:972)
	at io.quarkus.builder.BuildContext.run(BuildContext.java:277)
	at org.jboss.threads.ContextClassLoaderSavingRunnable.run(ContextClassLoaderSavingRunnable.java:35)
	at org.jboss.threads.EnhancedQueueExecutor.safeRun(EnhancedQueueExecutor.java:2046)
	at org.jboss.threads.EnhancedQueueExecutor$ThreadBody.doRunTask(EnhancedQueueExecutor.java:1578)
	at org.jboss.threads.EnhancedQueueExecutor$ThreadBody.run(EnhancedQueueExecutor.java:1452)
	at java.base/java.lang.Thread.run(Thread.java:834)
	at org.jboss.threads.JBossThread.run(JBossThread.java:479)
	Suppressed: javax.enterprise.inject.UnsatisfiedResolutionException: Unsatisfied dependency for type javax.persistence.EntityManager and qualifiers [@Default]
	- java member: com.acme.JednostkaService#em
	- declared on CLASS bean [types=[com.acme.JednostkaService, java.lang.Object], qualifiers=[@Default, @Any], target=com.acme.JednostkaService]
		at io.quarkus.arc.processor.Beans.resolveInjectionPoint(Beans.java:504)
		at io.quarkus.arc.processor.BeanInfo.init(BeanInfo.java:363)
		at io.quarkus.arc.processor.BeanDeployment.init(BeanDeployment.java:233)
		... 14 more
	Suppressed: javax.enterprise.inject.UnsatisfiedResolutionException: Unsatisfied dependency for type javax.persistence.EntityManager and qualifiers [@Default]
	- java member: com.acme.GeoHierarchyService#em
	- declared on CLASS bean [types=[java.lang.Object, com.acme.GeoHierarchyService], qualifiers=[@Default, @Any], target=com.acme.GeoHierarchyService]
		at io.quarkus.arc.processor.Beans.resolveInjectionPoint(Beans.java:504)
		at io.quarkus.arc.processor.BeanInfo.init(BeanInfo.java:363)
		at io.quarkus.arc.processor.BeanDeployment.init(BeanDeployment.java:233)
		... 14 more

Caused by: io.quarkus.builder.BuildException: 
Build failure: Build failed due to errors
	[error]: Build step io.quarkus.arc.deployment.ArcProcessor#validate threw an exception: javax.enterprise.inject.spi.DeploymentException: Found 2 deployment problems: 
[1] Unsatisfied dependency for type javax.persistence.EntityManager and qualifiers [@Default]
	- java member: com.acme.JednostkaService#em
	- declared on CLASS bean [types=[com.acme.JednostkaService, java.lang.Object], qualifiers=[@Default, @Any], target=com.acme.JednostkaService]
[2] Unsatisfied dependency for type javax.persistence.EntityManager and qualifiers [@Default]
	- java member: com.acme.GeoHierarchyService#em
	- declared on CLASS bean [types=[java.lang.Object, com.acme.GeoHierarchyService], qualifiers=[@Default, @Any], target=com.acme.GeoHierarchyService]
	at io.quarkus.arc.processor.BeanDeployment.processErrors(BeanDeployment.java:1029)
	at io.quarkus.arc.processor.BeanDeployment.init(BeanDeployment.java:241)
	at io.quarkus.arc.processor.BeanProcessor.initialize(BeanProcessor.java:127)
	at io.quarkus.arc.deployment.ArcProcessor.validate(ArcProcessor.java:411)
	at java.base/jdk.internal.reflect.NativeMethodAccessorImpl.invoke0(Native Method)
	at java.base/jdk.internal.reflect.NativeMethodAccessorImpl.invoke(NativeMethodAccessorImpl.java:62)
	at java.base/jdk.internal.reflect.DelegatingMethodAccessorImpl.invoke(DelegatingMethodAccessorImpl.java:43)
	at java.base/java.lang.reflect.Method.invoke(Method.java:566)
	at io.quarkus.deployment.ExtensionLoader$2.execute(ExtensionLoader.java:972)
	at io.quarkus.builder.BuildContext.run(BuildContext.java:277)
	at org.jboss.threads.ContextClassLoaderSavingRunnable.run(ContextClassLoaderSavingRunnable.java:35)
	at org.jboss.threads.EnhancedQueueExecutor.safeRun(EnhancedQueueExecutor.java:2046)
	at org.jboss.threads.EnhancedQueueExecutor$ThreadBody.doRunTask(EnhancedQueueExecutor.java:1578)
	at org.jboss.threads.EnhancedQueueExecutor$ThreadBody.run(EnhancedQueueExecutor.java:1452)
	at java.base/java.lang.Thread.run(Thread.java:834)
	at org.jboss.threads.JBossThread.run(JBossThread.java:479)
	Suppressed: javax.enterprise.inject.UnsatisfiedResolutionException: Unsatisfied dependency for type javax.persistence.EntityManager and qualifiers [@Default]
	- java member: com.acme.JednostkaService#em
	- declared on CLASS bean [types=[com.acme.JednostkaService, java.lang.Object], qualifiers=[@Default, @Any], target=com.acme.JednostkaService]
		at io.quarkus.arc.processor.Beans.resolveInjectionPoint(Beans.java:504)
		at io.quarkus.arc.processor.BeanInfo.init(BeanInfo.java:363)
		at io.quarkus.arc.processor.BeanDeployment.init(BeanDeployment.java:233)
		... 14 more
	Suppressed: javax.enterprise.inject.UnsatisfiedResolutionException: Unsatisfied dependency for type javax.persistence.EntityManager and qualifiers [@Default]
	- java member: com.acme.GeoHierarchyService#em
	- declared on CLASS bean [types=[java.lang.Object, com.acme.GeoHierarchyService], qualifiers=[@Default, @Any], target=com.acme.GeoHierarchyService]
		at io.quarkus.arc.processor.Beans.resolveInjectionPoint(Beans.java:504)
		at io.quarkus.arc.processor.BeanInfo.init(BeanInfo.java:363)
		at io.quarkus.arc.processor.BeanDeployment.init(BeanDeployment.java:233)
		... 14 more

Caused by: javax.enterprise.inject.spi.DeploymentException: 
Found 2 deployment problems: 
[1] Unsatisfied dependency for type javax.persistence.EntityManager and qualifiers [@Default]
	- java member: com.acme.JednostkaService#em
	- declared on CLASS bean [types=[com.acme.JednostkaService, java.lang.Object], qualifiers=[@Default, @Any], target=com.acme.JednostkaService]
[2] Unsatisfied dependency for type javax.persistence.EntityManager and qualifiers [@Default]
	- java member: com.acme.GeoHierarchyService#em
	- declared on CLASS bean [types=[java.lang.Object, com.acme.GeoHierarchyService], qualifiers=[@Default, @Any], target=com.acme.GeoHierarchyService]

